New log file opened at Tue Jun 07 16:59:07 AMT 2016 by 26122@fhocosta-pc
jvm 26122@fhocosta-pc
jvm vmName=Java HotSpot(TM) 64-Bit Server VM vmVendor=Oracle Corporation vmVersion=25.91-b14
jvm specName=Java Virtual Machine Specification specVendor=Oracle Corporation specVersion=1.8
jvm arguments: [-Xms256m, -Xmx1024m, -XX:MetaspaceSize=64m, -XX:MaxMetaspaceSize=256m]
Starting event engine
Starting sbt command engine
Waiting for sbt command engine
Command engine arguments=List()
Command engine baseDirectory=/home/fhocosta/IdeaProjects/sgrestaurante
Command engine initial remaining commands List(--initialize, onFailure load-failed, boot, server-send-ready-for-request, server-handle-next-server-request)
> --initialize
> initialize
> onFailure load-failed
> boot
> reload
[Loading] Scanning directory /home/fhocosta/IdeaProjects/sgrestaurante/project
[Loading] Found non-root projects 
[Loading] Done in /home/fhocosta/IdeaProjects/sgrestaurante/project, returning: ()
deducing auto plugins based on known facts Set(Atom(sbt.plugins.CorePlugin)) and clauses Clauses(List(Clause(Atom(sbt.plugins.JvmPlugin),Set(Atom(sbt.plugins.IvyPlugin))), Clause(Atom(sbt.plugins.JUnitXmlReportPlugin),Set(Atom(sbt.plugins.JvmPlugin))), Clause(Atom(sbt.plugins.CorePlugin),Set(Atom(sbt.plugins.IvyPlugin))), Clause(Atom(sbt.plugins.IvyPlugin),Set(Atom(sbt.plugins.JvmPlugin))), Clause(Atom(sbt.plugins.JvmPlugin),Set(Atom(sbt.plugins.JUnitXmlReportPlugin)))))
  :: deduced result: Matched(sbt.plugins.CorePlugin,sbt.plugins.IvyPlugin,sbt.plugins.JvmPlugin,sbt.plugins.JUnitXmlReportPlugin)
sorting: ns: List(sbt.plugins.CorePlugin, sbt.plugins.IvyPlugin, sbt.plugins.JvmPlugin, sbt.plugins.JUnitXmlReportPlugin)
  :: sorting:: found: List(sbt.plugins.CorePlugin) not found List(sbt.plugins.IvyPlugin, sbt.plugins.JvmPlugin, sbt.plugins.JUnitXmlReportPlugin)
  :: sorting:: found: List(sbt.plugins.CorePlugin, sbt.plugins.IvyPlugin) not found List(sbt.plugins.JvmPlugin, sbt.plugins.JUnitXmlReportPlugin)
  :: sorting:: found: List(sbt.plugins.CorePlugin, sbt.plugins.IvyPlugin, sbt.plugins.JvmPlugin) not found List(sbt.plugins.JUnitXmlReportPlugin)
  :: sorting:: found: List(sbt.plugins.CorePlugin, sbt.plugins.IvyPlugin, sbt.plugins.JvmPlugin, sbt.plugins.JUnitXmlReportPlugin) not found List()
  :: sorted deduced result: List(sbt.plugins.CorePlugin, sbt.plugins.IvyPlugin, sbt.plugins.JvmPlugin, sbt.plugins.JUnitXmlReportPlugin)
[Loading] Done in /home/fhocosta/IdeaProjects/sgrestaurante/project, returning: (sgrestaurante-build)
Loading project definition from /home/fhocosta/IdeaProjects/sgrestaurante/project
Running task... Cancel: sbt.TaskCancellationStrategy$Null$@111aa92c, check cycles: false

Initial source changes: 
	removed:Set()
	added: Set()
	modified: Set()
Removed products: Set()
External API changes: API Changes: Set()
Modified binary dependencies: Set()
Initial directly invalidated sources: Set()

Sources indirectly invalidated by:
	product: Set()
	binary dep: Set()
	external source: Set()
All initially invalidated sources: Set()

Copy resource mappings: 
	
[Loading] Scanning directory /home/fhocosta/IdeaProjects/sgrestaurante
[Loading] Found root project root w/ remaining 
deducing auto plugins based on known facts Set(Atom(play.sbt.PlayJava), Atom(play.ebean.sbt.PlayEbean), Atom(sbt.plugins.CorePlugin)) and clauses Clauses(List(Clause(Atom(sbt.plugins.JvmPlugin),Set(Atom(sbt.plugins.IvyPlugin))), Clause(Atom(sbt.plugins.JUnitXmlReportPlugin),Set(Atom(sbt.plugins.JvmPlugin))), Clause(Atom(play.sbt.Play),Set(Atom(com.typesafe.sbt.packager.archetypes.JavaServerAppPackaging))), Clause(Atom(play.sbt.Play),Set(Atom(play.sbt.routes.RoutesCompiler))), Clause(Atom(play.sbt.Play),Set(Atom(play.twirl.sbt.SbtTwirl))), Clause(Atom(play.sbt.Play),Set(Atom(com.typesafe.sbt.jse.SbtJsTask))), Clause(Atom(play.sbt.PlayAkkaHttpServer),Set(Atom(play.sbt.Play))), Clause(Atom(play.sbt.PlayJava),Set(Atom(play.sbt.Play))), Clause(Atom(play.sbt.PlayLayoutPlugin),Set(Atom(play.sbt.Play))), Clause(Atom(play.sbt.PlayLogback),Set(Atom(play.sbt.Play))), Clause(Atom(play.sbt.PlayNettyServer),Set(Atom(play.sbt.Play))), Clause(Atom(play.sbt.PlayScala),Set(Atom(play.sbt.Play))), Clause(Atom(play.sbt.routes.RoutesCompiler),Set(Atom(sbt.plugins.JvmPlugin))), Clause(Atom(play.twirl.sbt.SbtTwirl),Set(Atom(sbt.plugins.JvmPlugin))), Clause(Atom(com.typesafe.sbt.packager.archetypes.AkkaAppPackaging),Set(Atom(com.typesafe.sbt.packager.archetypes.JavaAppPackaging))), Clause(Atom(com.typesafe.sbt.packager.archetypes.JavaAppPackaging),Set(Atom(com.typesafe.sbt.packager.windows.WindowsPlugin))), Clause(Atom(com.typesafe.sbt.packager.archetypes.JavaAppPackaging),Set(Atom(com.typesafe.sbt.packager.docker.DockerPlugin))), Clause(Atom(com.typesafe.sbt.packager.archetypes.JavaAppPackaging),Set(Atom(com.typesafe.sbt.packager.debian.DebianPlugin))), Clause(Atom(com.typesafe.sbt.packager.archetypes.JavaAppPackaging),Set(Atom(com.typesafe.sbt.packager.rpm.RpmPlugin))), Clause(Atom(com.typesafe.sbt.packager.archetypes.JavaServerAppPackaging),Set(Atom(com.typesafe.sbt.packager.archetypes.JavaAppPackaging))), Clause(Atom(com.typesafe.sbt.packager.archetypes.jar.ClasspathJarPlugin),Set(Atom(com.typesafe.sbt.packager.archetypes.JavaAppPackaging))), Clause(Atom(com.typesafe.sbt.packager.archetypes.jar.LauncherJarPlugin),Set(Atom(com.typesafe.sbt.packager.archetypes.JavaAppPackaging))), Clause(Atom(com.typesafe.sbt.packager.debian.DebianDeployPlugin),Set(Atom(com.typesafe.sbt.packager.debian.DebianPlugin))), Clause(Atom(com.typesafe.sbt.packager.debian.DebianPlugin),Set(Atom(com.typesafe.sbt.packager.linux.LinuxPlugin))), Clause(Atom(com.typesafe.sbt.packager.debian.JDebPackaging),Set(Atom(com.typesafe.sbt.packager.debian.DebianPlugin))), Clause(Atom(com.typesafe.sbt.packager.docker.DockerPlugin),Set(Atom(com.typesafe.sbt.packager.universal.UniversalPlugin))), Clause(Atom(com.typesafe.sbt.packager.jdkpackager.JDKPackagerDeployPlugin),Set(Atom(com.typesafe.sbt.packager.jdkpackager.JDKPackagerPlugin))), Clause(Atom(com.typesafe.sbt.packager.jdkpackager.JDKPackagerPlugin),Set(Atom(com.typesafe.sbt.packager.archetypes.JavaAppPackaging))), Clause(Atom(com.typesafe.sbt.packager.jdkpackager.JDKPackagerPlugin),Set(Atom(com.typesafe.sbt.packager.archetypes.jar.LauncherJarPlugin))), Clause(Atom(com.typesafe.sbt.packager.linux.LinuxPlugin),Set(Atom(com.typesafe.sbt.packager.universal.UniversalPlugin))), Clause(Atom(com.typesafe.sbt.packager.rpm.RpmDeployPlugin),Set(Atom(com.typesafe.sbt.packager.rpm.RpmPlugin))), Clause(Atom(com.typesafe.sbt.packager.rpm.RpmPlugin),Set(Atom(com.typesafe.sbt.packager.linux.LinuxPlugin))), Clause(Atom(com.typesafe.sbt.packager.universal.UniversalDeployPlugin),Set(Atom(com.typesafe.sbt.packager.universal.UniversalPlugin))), Clause(Atom(com.typesafe.sbt.packager.universal.UniversalPlugin),Set(Atom(com.typesafe.sbt.SbtNativePackager))), Clause(Atom(com.typesafe.sbt.packager.windows.WindowsDeployPlugin),Set(Atom(com.typesafe.sbt.packager.windows.WindowsPlugin))), Clause(Atom(com.typesafe.sbt.packager.windows.WindowsPlugin),Set(Atom(com.typesafe.sbt.packager.universal.UniversalPlugin))), Clause(Atom(com.typesafe.sbt.web.SbtWeb),Set(Atom(sbt.plugins.JvmPlugin))), Clause(Atom(com.typesafe.sbt.jse.SbtJsEngine),Set(Atom(com.typesafe.sbt.web.SbtWeb))), Clause(Atom(com.typesafe.sbt.jse.SbtJsTask),Set(Atom(com.typesafe.sbt.jse.SbtJsEngine))), Clause(Atom(com.typesafe.sbt.coffeescript.SbtCoffeeScript),Set(Atom(com.typesafe.sbt.jse.SbtJsTask))), Clause(Atom(com.typesafe.sbt.less.SbtLess),Set(Atom(com.typesafe.sbt.jse.SbtJsTask))), Clause(Atom(com.typesafe.sbt.jshint.SbtJSHint),Set(Atom(com.typesafe.sbt.jse.SbtJsTask))), Clause(Atom(com.typesafe.sbt.rjs.SbtRjs),Set(Atom(com.typesafe.sbt.jse.SbtJsTask))), Clause(Atom(com.typesafe.sbt.digest.SbtDigest),Set(Atom(com.typesafe.sbt.web.SbtWeb))), Clause(Atom(com.typesafe.sbt.mocha.SbtMocha),Set(Atom(com.typesafe.sbt.jse.SbtJsTask))), Clause(Atom(org.irundaia.sbt.sass.SbtSassify),Set(Atom(com.typesafe.sbt.web.SbtWeb))), Clause(Atom(play.ebean.sbt.PlayEbean),Set(Atom(com.typesafe.play.sbt.enhancer.PlayEnhancer))), Clause(Atom(com.typesafe.play.sbt.enhancer.PlayEnhancer),Set(Atom(sbt.plugins.JvmPlugin))), Clause(Atom(sbt.plugins.BackgroundRunPlugin),Set(Atom(sbt.plugins.JvmPlugin))), Clause(Atom(play.sbt.forkrun.PlayForkRun),Set(Atom(sbt.plugins.BackgroundRunPlugin))), Clause(Atom(play.sbt.forkrun.PlayForkRun),Set(Atom(play.sbt.Play))), Clause(Atom(play.sbt.forkrun.PlayForkRun),Set(Atom(sbt.plugins.SerializersPlugin))), Clause(Atom(sbt.plugins.CorePlugin),Set(Atom(sbt.plugins.IvyPlugin))), Clause(Atom(sbt.plugins.IvyPlugin),Set(Atom(sbt.plugins.JvmPlugin))), Clause(Atom(sbt.plugins.JvmPlugin),Set(Atom(sbt.plugins.JUnitXmlReportPlugin))), Clause(Atom(play.sbt.Play),Set(Atom(play.sbt.PlayLayoutPlugin))), Clause(Atom(play.sbt.Play),Set(Atom(play.sbt.PlayLogback))), Clause(Atom(play.sbt.Play),Set(Atom(play.sbt.PlayNettyServer))), Clause(Atom(com.typesafe.sbt.web.SbtWeb),Set(Atom(com.typesafe.sbt.jse.SbtJsEngine))), Clause(Atom(com.typesafe.sbt.jse.SbtJsEngine),Set(Atom(com.typesafe.sbt.jse.SbtJsTask))), Clause(Atom(com.typesafe.sbt.jse.SbtJsTask),Set(Atom(com.typesafe.sbt.coffeescript.SbtCoffeeScript))), Clause(Atom(com.typesafe.sbt.jse.SbtJsTask),Set(Atom(com.typesafe.sbt.less.SbtLess))), Clause(Atom(com.typesafe.sbt.jse.SbtJsTask),Set(Atom(com.typesafe.sbt.jshint.SbtJSHint))), Clause(Atom(com.typesafe.sbt.jse.SbtJsTask),Set(Atom(com.typesafe.sbt.rjs.SbtRjs))), Clause(Atom(com.typesafe.sbt.web.SbtWeb),Set(Atom(com.typesafe.sbt.digest.SbtDigest))), Clause(Atom(com.typesafe.sbt.jse.SbtJsTask),Set(Atom(com.typesafe.sbt.mocha.SbtMocha))), Clause(Atom(com.typesafe.sbt.web.SbtWeb),Set(Atom(org.irundaia.sbt.sass.SbtSassify))), Clause(Atom(sbt.plugins.JvmPlugin),Set(Atom(com.typesafe.play.sbt.enhancer.PlayEnhancer))), Clause(Atom(sbt.plugins.JvmPlugin),Set(Atom(sbt.plugins.BackgroundRunPlugin))), Clause(Atom(sbt.plugins.CorePlugin),Set(Atom(sbt.plugins.InteractionServicePlugin))), Clause(Atom(sbt.plugins.CorePlugin),Set(Atom(sbt.plugins.SendEventServicePlugin))), Clause(Atom(sbt.plugins.CorePlugin),Set(Atom(sbt.plugins.SerializersPlugin))), Clause(And(Set(Atom(sbt.plugins.BackgroundRunPlugin), Atom(play.sbt.Play), Atom(sbt.plugins.SerializersPlugin))),Set(Atom(play.sbt.forkrun.PlayForkRun)))))
  :: deduced result: Matched(sbt.plugins.CorePlugin,play.ebean.sbt.PlayEbean,play.sbt.PlayJava,com.typesafe.play.sbt.enhancer.PlayEnhancer,sbt.plugins.InteractionServicePlugin,sbt.plugins.SendEventServicePlugin,play.sbt.Play,sbt.plugins.SerializersPlugin,sbt.plugins.IvyPlugin,com.typesafe.sbt.packager.archetypes.JavaServerAppPackaging,play.twirl.sbt.SbtTwirl,sbt.plugins.JvmPlugin,play.sbt.PlayNettyServer,play.sbt.PlayLayoutPlugin,play.sbt.routes.RoutesCompiler,play.sbt.PlayLogback,com.typesafe.sbt.jse.SbtJsTask,com.typesafe.sbt.jshint.SbtJSHint,com.typesafe.sbt.packager.archetypes.JavaAppPackaging,sbt.plugins.JUnitXmlReportPlugin,com.typesafe.sbt.mocha.SbtMocha,com.typesafe.sbt.less.SbtLess,com.typesafe.sbt.rjs.SbtRjs,com.typesafe.sbt.jse.SbtJsEngine,com.typesafe.sbt.coffeescript.SbtCoffeeScript,sbt.plugins.BackgroundRunPlugin,com.typesafe.sbt.packager.rpm.RpmPlugin,com.typesafe.sbt.packager.windows.WindowsPlugin,com.typesafe.sbt.web.SbtWeb,com.typesafe.sbt.packager.docker.DockerPlugin,play.sbt.forkrun.PlayForkRun,com.typesafe.sbt.packager.debian.DebianPlugin,org.irundaia.sbt.sass.SbtSassify,com.typesafe.sbt.digest.SbtDigest,com.typesafe.sbt.packager.universal.UniversalPlugin,com.typesafe.sbt.packager.linux.LinuxPlugin,com.typesafe.sbt.SbtNativePackager)
sorting: ns: List(sbt.plugins.CorePlugin, play.ebean.sbt.PlayEbean, play.sbt.PlayJava, com.typesafe.play.sbt.enhancer.PlayEnhancer, sbt.plugins.InteractionServicePlugin, sbt.plugins.SendEventServicePlugin, play.sbt.Play, sbt.plugins.SerializersPlugin, sbt.plugins.IvyPlugin, com.typesafe.sbt.packager.archetypes.JavaServerAppPackaging, play.twirl.sbt.SbtTwirl, sbt.plugins.JvmPlugin, play.sbt.PlayNettyServer, play.sbt.PlayLayoutPlugin, play.sbt.routes.RoutesCompiler, play.sbt.PlayLogback, com.typesafe.sbt.jse.SbtJsTask, com.typesafe.sbt.jshint.SbtJSHint, com.typesafe.sbt.packager.archetypes.JavaAppPackaging, sbt.plugins.JUnitXmlReportPlugin, com.typesafe.sbt.mocha.SbtMocha, com.typesafe.sbt.less.SbtLess, com.typesafe.sbt.rjs.SbtRjs, com.typesafe.sbt.jse.SbtJsEngine, com.typesafe.sbt.coffeescript.SbtCoffeeScript, sbt.plugins.BackgroundRunPlugin, com.typesafe.sbt.packager.rpm.RpmPlugin, com.typesafe.sbt.packager.windows.WindowsPlugin, com.typesafe.sbt.web.SbtWeb, com.typesafe.sbt.packager.docker.DockerPlugin, play.sbt.forkrun.PlayForkRun, com.typesafe.sbt.packager.debian.DebianPlugin, org.irundaia.sbt.sass.SbtSassify, com.typesafe.sbt.digest.SbtDigest, com.typesafe.sbt.packager.universal.UniversalPlugin, com.typesafe.sbt.packager.linux.LinuxPlugin, com.typesafe.sbt.SbtNativePackager)
  :: sorting:: found: List(sbt.plugins.CorePlugin, com.typesafe.sbt.SbtNativePackager) not found List(play.ebean.sbt.PlayEbean, play.sbt.PlayJava, com.typesafe.play.sbt.enhancer.PlayEnhancer, sbt.plugins.InteractionServicePlugin, sbt.plugins.SendEventServicePlugin, play.sbt.Play, sbt.plugins.SerializersPlugin, sbt.plugins.IvyPlugin, com.typesafe.sbt.packager.archetypes.JavaServerAppPackaging, play.twirl.sbt.SbtTwirl, sbt.plugins.JvmPlugin, play.sbt.PlayNettyServer, play.sbt.PlayLayoutPlugin, play.sbt.routes.RoutesCompiler, play.sbt.PlayLogback, com.typesafe.sbt.jse.SbtJsTask, com.typesafe.sbt.jshint.SbtJSHint, com.typesafe.sbt.packager.archetypes.JavaAppPackaging, sbt.plugins.JUnitXmlReportPlugin, com.typesafe.sbt.mocha.SbtMocha, com.typesafe.sbt.less.SbtLess, com.typesafe.sbt.rjs.SbtRjs, com.typesafe.sbt.jse.SbtJsEngine, com.typesafe.sbt.coffeescript.SbtCoffeeScript, sbt.plugins.BackgroundRunPlugin, com.typesafe.sbt.packager.rpm.RpmPlugin, com.typesafe.sbt.packager.windows.WindowsPlugin, com.typesafe.sbt.web.SbtWeb, com.typesafe.sbt.packager.docker.DockerPlugin, play.sbt.forkrun.PlayForkRun, com.typesafe.sbt.packager.debian.DebianPlugin, org.irundaia.sbt.sass.SbtSassify, com.typesafe.sbt.digest.SbtDigest, com.typesafe.sbt.packager.universal.UniversalPlugin, com.typesafe.sbt.packager.linux.LinuxPlugin)
  :: sorting:: found: List(sbt.plugins.CorePlugin, com.typesafe.sbt.SbtNativePackager, sbt.plugins.InteractionServicePlugin, sbt.plugins.SendEventServicePlugin, sbt.plugins.SerializersPlugin, sbt.plugins.IvyPlugin, com.typesafe.sbt.packager.universal.UniversalPlugin) not found List(play.ebean.sbt.PlayEbean, play.sbt.PlayJava, com.typesafe.play.sbt.enhancer.PlayEnhancer, play.sbt.Play, com.typesafe.sbt.packager.archetypes.JavaServerAppPackaging, play.twirl.sbt.SbtTwirl, sbt.plugins.JvmPlugin, play.sbt.PlayNettyServer, play.sbt.PlayLayoutPlugin, play.sbt.routes.RoutesCompiler, play.sbt.PlayLogback, com.typesafe.sbt.jse.SbtJsTask, com.typesafe.sbt.jshint.SbtJSHint, com.typesafe.sbt.packager.archetypes.JavaAppPackaging, sbt.plugins.JUnitXmlReportPlugin, com.typesafe.sbt.mocha.SbtMocha, com.typesafe.sbt.less.SbtLess, com.typesafe.sbt.rjs.SbtRjs, com.typesafe.sbt.jse.SbtJsEngine, com.typesafe.sbt.coffeescript.SbtCoffeeScript, sbt.plugins.BackgroundRunPlugin, com.typesafe.sbt.packager.rpm.RpmPlugin, com.typesafe.sbt.packager.windows.WindowsPlugin, com.typesafe.sbt.web.SbtWeb, com.typesafe.sbt.packager.docker.DockerPlugin, play.sbt.forkrun.PlayForkRun, com.typesafe.sbt.packager.debian.DebianPlugin, org.irundaia.sbt.sass.SbtSassify, com.typesafe.sbt.digest.SbtDigest, com.typesafe.sbt.packager.linux.LinuxPlugin)
  :: sorting:: found: List(sbt.plugins.CorePlugin, com.typesafe.sbt.SbtNativePackager, sbt.plugins.InteractionServicePlugin, sbt.plugins.SendEventServicePlugin, sbt.plugins.SerializersPlugin, sbt.plugins.IvyPlugin, com.typesafe.sbt.packager.universal.UniversalPlugin, sbt.plugins.JvmPlugin, com.typesafe.sbt.packager.windows.WindowsPlugin, com.typesafe.sbt.packager.docker.DockerPlugin, com.typesafe.sbt.packager.linux.LinuxPlugin) not found List(play.ebean.sbt.PlayEbean, play.sbt.PlayJava, com.typesafe.play.sbt.enhancer.PlayEnhancer, play.sbt.Play, com.typesafe.sbt.packager.archetypes.JavaServerAppPackaging, play.twirl.sbt.SbtTwirl, play.sbt.PlayNettyServer, play.sbt.PlayLayoutPlugin, play.sbt.routes.RoutesCompiler, play.sbt.PlayLogback, com.typesafe.sbt.jse.SbtJsTask, com.typesafe.sbt.jshint.SbtJSHint, com.typesafe.sbt.packager.archetypes.JavaAppPackaging, sbt.plugins.JUnitXmlReportPlugin, com.typesafe.sbt.mocha.SbtMocha, com.typesafe.sbt.less.SbtLess, com.typesafe.sbt.rjs.SbtRjs, com.typesafe.sbt.jse.SbtJsEngine, com.typesafe.sbt.coffeescript.SbtCoffeeScript, sbt.plugins.BackgroundRunPlugin, com.typesafe.sbt.packager.rpm.RpmPlugin, com.typesafe.sbt.web.SbtWeb, play.sbt.forkrun.PlayForkRun, com.typesafe.sbt.packager.debian.DebianPlugin, org.irundaia.sbt.sass.SbtSassify, com.typesafe.sbt.digest.SbtDigest)
  :: sorting:: found: List(sbt.plugins.CorePlugin, com.typesafe.sbt.SbtNativePackager, sbt.plugins.InteractionServicePlugin, sbt.plugins.SendEventServicePlugin, sbt.plugins.SerializersPlugin, sbt.plugins.IvyPlugin, com.typesafe.sbt.packager.universal.UniversalPlugin, sbt.plugins.JvmPlugin, com.typesafe.sbt.packager.windows.WindowsPlugin, com.typesafe.sbt.packager.docker.DockerPlugin, com.typesafe.sbt.packager.linux.LinuxPlugin, com.typesafe.play.sbt.enhancer.PlayEnhancer, play.twirl.sbt.SbtTwirl, play.sbt.routes.RoutesCompiler, sbt.plugins.JUnitXmlReportPlugin, sbt.plugins.BackgroundRunPlugin, com.typesafe.sbt.packager.rpm.RpmPlugin, com.typesafe.sbt.web.SbtWeb, com.typesafe.sbt.packager.debian.DebianPlugin) not found List(play.ebean.sbt.PlayEbean, play.sbt.PlayJava, play.sbt.Play, com.typesafe.sbt.packager.archetypes.JavaServerAppPackaging, play.sbt.PlayNettyServer, play.sbt.PlayLayoutPlugin, play.sbt.PlayLogback, com.typesafe.sbt.jse.SbtJsTask, com.typesafe.sbt.jshint.SbtJSHint, com.typesafe.sbt.packager.archetypes.JavaAppPackaging, com.typesafe.sbt.mocha.SbtMocha, com.typesafe.sbt.less.SbtLess, com.typesafe.sbt.rjs.SbtRjs, com.typesafe.sbt.jse.SbtJsEngine, com.typesafe.sbt.coffeescript.SbtCoffeeScript, play.sbt.forkrun.PlayForkRun, org.irundaia.sbt.sass.SbtSassify, com.typesafe.sbt.digest.SbtDigest)
  :: sorting:: found: List(sbt.plugins.CorePlugin, com.typesafe.sbt.SbtNativePackager, sbt.plugins.InteractionServicePlugin, sbt.plugins.SendEventServicePlugin, sbt.plugins.SerializersPlugin, sbt.plugins.IvyPlugin, com.typesafe.sbt.packager.universal.UniversalPlugin, sbt.plugins.JvmPlugin, com.typesafe.sbt.packager.windows.WindowsPlugin, com.typesafe.sbt.packager.docker.DockerPlugin, com.typesafe.sbt.packager.linux.LinuxPlugin, com.typesafe.play.sbt.enhancer.PlayEnhancer, play.twirl.sbt.SbtTwirl, play.sbt.routes.RoutesCompiler, sbt.plugins.JUnitXmlReportPlugin, sbt.plugins.BackgroundRunPlugin, com.typesafe.sbt.packager.rpm.RpmPlugin, com.typesafe.sbt.web.SbtWeb, com.typesafe.sbt.packager.debian.DebianPlugin, play.ebean.sbt.PlayEbean, com.typesafe.sbt.packager.archetypes.JavaAppPackaging, com.typesafe.sbt.jse.SbtJsEngine, org.irundaia.sbt.sass.SbtSassify, com.typesafe.sbt.digest.SbtDigest) not found List(play.sbt.PlayJava, play.sbt.Play, com.typesafe.sbt.packager.archetypes.JavaServerAppPackaging, play.sbt.PlayNettyServer, play.sbt.PlayLayoutPlugin, play.sbt.PlayLogback, com.typesafe.sbt.jse.SbtJsTask, com.typesafe.sbt.jshint.SbtJSHint, com.typesafe.sbt.mocha.SbtMocha, com.typesafe.sbt.less.SbtLess, com.typesafe.sbt.rjs.SbtRjs, com.typesafe.sbt.coffeescript.SbtCoffeeScript, play.sbt.forkrun.PlayForkRun)
  :: sorting:: found: List(sbt.plugins.CorePlugin, com.typesafe.sbt.SbtNativePackager, sbt.plugins.InteractionServicePlugin, sbt.plugins.SendEventServicePlugin, sbt.plugins.SerializersPlugin, sbt.plugins.IvyPlugin, com.typesafe.sbt.packager.universal.UniversalPlugin, sbt.plugins.JvmPlugin, com.typesafe.sbt.packager.windows.WindowsPlugin, com.typesafe.sbt.packager.docker.DockerPlugin, com.typesafe.sbt.packager.linux.LinuxPlugin, com.typesafe.play.sbt.enhancer.PlayEnhancer, play.twirl.sbt.SbtTwirl, play.sbt.routes.RoutesCompiler, sbt.plugins.JUnitXmlReportPlugin, sbt.plugins.BackgroundRunPlugin, com.typesafe.sbt.packager.rpm.RpmPlugin, com.typesafe.sbt.web.SbtWeb, com.typesafe.sbt.packager.debian.DebianPlugin, play.ebean.sbt.PlayEbean, com.typesafe.sbt.packager.archetypes.JavaAppPackaging, com.typesafe.sbt.jse.SbtJsEngine, org.irundaia.sbt.sass.SbtSassify, com.typesafe.sbt.digest.SbtDigest, com.typesafe.sbt.packager.archetypes.JavaServerAppPackaging, com.typesafe.sbt.jse.SbtJsTask) not found List(play.sbt.PlayJava, play.sbt.Play, play.sbt.PlayNettyServer, play.sbt.PlayLayoutPlugin, play.sbt.PlayLogback, com.typesafe.sbt.jshint.SbtJSHint, com.typesafe.sbt.mocha.SbtMocha, com.typesafe.sbt.less.SbtLess, com.typesafe.sbt.rjs.SbtRjs, com.typesafe.sbt.coffeescript.SbtCoffeeScript, play.sbt.forkrun.PlayForkRun)
  :: sorting:: found: List(sbt.plugins.CorePlugin, com.typesafe.sbt.SbtNativePackager, sbt.plugins.InteractionServicePlugin, sbt.plugins.SendEventServicePlugin, sbt.plugins.SerializersPlugin, sbt.plugins.IvyPlugin, com.typesafe.sbt.packager.universal.UniversalPlugin, sbt.plugins.JvmPlugin, com.typesafe.sbt.packager.windows.WindowsPlugin, com.typesafe.sbt.packager.docker.DockerPlugin, com.typesafe.sbt.packager.linux.LinuxPlugin, com.typesafe.play.sbt.enhancer.PlayEnhancer, play.twirl.sbt.SbtTwirl, play.sbt.routes.RoutesCompiler, sbt.plugins.JUnitXmlReportPlugin, sbt.plugins.BackgroundRunPlugin, com.typesafe.sbt.packager.rpm.RpmPlugin, com.typesafe.sbt.web.SbtWeb, com.typesafe.sbt.packager.debian.DebianPlugin, play.ebean.sbt.PlayEbean, com.typesafe.sbt.packager.archetypes.JavaAppPackaging, com.typesafe.sbt.jse.SbtJsEngine, org.irundaia.sbt.sass.SbtSassify, com.typesafe.sbt.digest.SbtDigest, com.typesafe.sbt.packager.archetypes.JavaServerAppPackaging, com.typesafe.sbt.jse.SbtJsTask, play.sbt.Play, com.typesafe.sbt.jshint.SbtJSHint, com.typesafe.sbt.mocha.SbtMocha, com.typesafe.sbt.less.SbtLess, com.typesafe.sbt.rjs.SbtRjs, com.typesafe.sbt.coffeescript.SbtCoffeeScript) not found List(play.sbt.PlayJava, play.sbt.PlayNettyServer, play.sbt.PlayLayoutPlugin, play.sbt.PlayLogback, play.sbt.forkrun.PlayForkRun)
  :: sorting:: found: List(sbt.plugins.CorePlugin, com.typesafe.sbt.SbtNativePackager, sbt.plugins.InteractionServicePlugin, sbt.plugins.SendEventServicePlugin, sbt.plugins.SerializersPlugin, sbt.plugins.IvyPlugin, com.typesafe.sbt.packager.universal.UniversalPlugin, sbt.plugins.JvmPlugin, com.typesafe.sbt.packager.windows.WindowsPlugin, com.typesafe.sbt.packager.docker.DockerPlugin, com.typesafe.sbt.packager.linux.LinuxPlugin, com.typesafe.play.sbt.enhancer.PlayEnhancer, play.twirl.sbt.SbtTwirl, play.sbt.routes.RoutesCompiler, sbt.plugins.JUnitXmlReportPlugin, sbt.plugins.BackgroundRunPlugin, com.typesafe.sbt.packager.rpm.RpmPlugin, com.typesafe.sbt.web.SbtWeb, com.typesafe.sbt.packager.debian.DebianPlugin, play.ebean.sbt.PlayEbean, com.typesafe.sbt.packager.archetypes.JavaAppPackaging, com.typesafe.sbt.jse.SbtJsEngine, org.irundaia.sbt.sass.SbtSassify, com.typesafe.sbt.digest.SbtDigest, com.typesafe.sbt.packager.archetypes.JavaServerAppPackaging, com.typesafe.sbt.jse.SbtJsTask, play.sbt.Play, com.typesafe.sbt.jshint.SbtJSHint, com.typesafe.sbt.mocha.SbtMocha, com.typesafe.sbt.less.SbtLess, com.typesafe.sbt.rjs.SbtRjs, com.typesafe.sbt.coffeescript.SbtCoffeeScript, play.sbt.PlayJava, play.sbt.PlayNettyServer, play.sbt.PlayLayoutPlugin, play.sbt.PlayLogback, play.sbt.forkrun.PlayForkRun) not found List()
  :: sorted deduced result: List(sbt.plugins.CorePlugin, com.typesafe.sbt.SbtNativePackager, sbt.plugins.InteractionServicePlugin, sbt.plugins.SendEventServicePlugin, sbt.plugins.SerializersPlugin, sbt.plugins.IvyPlugin, com.typesafe.sbt.packager.universal.UniversalPlugin, sbt.plugins.JvmPlugin, com.typesafe.sbt.packager.windows.WindowsPlugin, com.typesafe.sbt.packager.docker.DockerPlugin, com.typesafe.sbt.packager.linux.LinuxPlugin, com.typesafe.play.sbt.enhancer.PlayEnhancer, play.twirl.sbt.SbtTwirl, play.sbt.routes.RoutesCompiler, sbt.plugins.JUnitXmlReportPlugin, sbt.plugins.BackgroundRunPlugin, com.typesafe.sbt.packager.rpm.RpmPlugin, com.typesafe.sbt.web.SbtWeb, com.typesafe.sbt.packager.debian.DebianPlugin, play.ebean.sbt.PlayEbean, com.typesafe.sbt.packager.archetypes.JavaAppPackaging, com.typesafe.sbt.jse.SbtJsEngine, org.irundaia.sbt.sass.SbtSassify, com.typesafe.sbt.digest.SbtDigest, com.typesafe.sbt.packager.archetypes.JavaServerAppPackaging, com.typesafe.sbt.jse.SbtJsTask, play.sbt.Play, com.typesafe.sbt.jshint.SbtJSHint, com.typesafe.sbt.mocha.SbtMocha, com.typesafe.sbt.less.SbtLess, com.typesafe.sbt.rjs.SbtRjs, com.typesafe.sbt.coffeescript.SbtCoffeeScript, play.sbt.PlayJava, play.sbt.PlayNettyServer, play.sbt.PlayLayoutPlugin, play.sbt.PlayLogback, play.sbt.forkrun.PlayForkRun)
[Loading] Done in /home/fhocosta/IdeaProjects/sgrestaurante, returning: (root)
Set current project to sgrestaurante (in build file:/home/fhocosta/IdeaProjects/sgrestaurante/)
Reapplying settings...
Set current project to sgrestaurante (in build file:/home/fhocosta/IdeaProjects/sgrestaurante/)
> iflast shell
> server-send-ready-for-request
> server-handle-next-server-request
> {file:/home/fhocosta/IdeaProjects/sgrestaurante/}root/compile:mainClass
Evaluating tasks: compile:mainClass
Running task... Cancel: sbt.server.ServerTaskCancellation@52a58486, check cycles: false
Total time: 0 s, completed Jun 7, 2016 4:59:12 PM
> server-post-command-cleanup
> server-handle-next-server-request
> {file:/home/fhocosta/IdeaProjects/sgrestaurante/}root/compile:discoveredMainClasses
Evaluating tasks: compile:discoveredMainClasses
Running task... Cancel: sbt.server.ServerTaskCancellation@7150a8a4, check cycles: false

Initial source changes: 
	removed:Set()
	added: Set()
	modified: Set(/home/fhocosta/IdeaProjects/sgrestaurante/app/models/Usuario.java, /home/fhocosta/IdeaProjects/sgrestaurante/app/models/Cliente.java, /home/fhocosta/IdeaProjects/sgrestaurante/app/models/Funcionario.java)
Removed products: Set()
External API changes: API Changes: Set()
Modified binary dependencies: Set()
Initial directly invalidated sources: Set(/home/fhocosta/IdeaProjects/sgrestaurante/app/models/Usuario.java, /home/fhocosta/IdeaProjects/sgrestaurante/app/models/Cliente.java, /home/fhocosta/IdeaProjects/sgrestaurante/app/models/Funcionario.java)

Sources indirectly invalidated by:
	product: Set()
	binary dep: Set()
	external source: Set()
All initially invalidated sources: Set(/home/fhocosta/IdeaProjects/sgrestaurante/app/models/Usuario.java, /home/fhocosta/IdeaProjects/sgrestaurante/app/models/Cliente.java, /home/fhocosta/IdeaProjects/sgrestaurante/app/models/Funcionario.java)

Read from stdout: Compiling 3 Java sources to /home/fhocosta/IdeaProjects/sgrestaurante/target/scala-2.11/classes...
Compiling 3 Java sources to /home/fhocosta/IdeaProjects/sgrestaurante/target/scala-2.11/classes...
Attempting to call com.sun.tools.javac.api.JavacTool@6dc9e1cb directly...
Java compilation took 0.525886256 s
Java analysis took 0.391509174 s
Java compile + analysis took 0.92576012 s
Invalidating /home/fhocosta/IdeaProjects/sgrestaurante/app/models/Usuario.java...
Invalidating (transitively) by inheritance from /home/fhocosta/IdeaProjects/sgrestaurante/app/models/Usuario.java...
Initial set of included nodes: Set(/home/fhocosta/IdeaProjects/sgrestaurante/app/models/Usuario.java)
Including /home/fhocosta/IdeaProjects/sgrestaurante/app/models/Funcionario.java by /home/fhocosta/IdeaProjects/sgrestaurante/app/models/Usuario.java
Including /home/fhocosta/IdeaProjects/sgrestaurante/app/models/Cliente.java by /home/fhocosta/IdeaProjects/sgrestaurante/app/models/Usuario.java
Invalidated by transitive inheritance dependency: Set(/home/fhocosta/IdeaProjects/sgrestaurante/app/models/Cliente.java, /home/fhocosta/IdeaProjects/sgrestaurante/app/models/Usuario.java, /home/fhocosta/IdeaProjects/sgrestaurante/app/models/Funcionario.java)
The /home/fhocosta/IdeaProjects/sgrestaurante/app/models/Usuario.java source file has the following regular definitions changed:
	Usuario.
All member reference dependencies will be considered within this context.
Name hashing optimization doesn't apply to non-Scala dependency: /home/fhocosta/IdeaProjects/sgrestaurante/app/models/Cliente.java
Name hashing optimization doesn't apply to non-Scala dependency: /home/fhocosta/IdeaProjects/sgrestaurante/app/models/Reserva.java
None of the modified names appears in /home/fhocosta/IdeaProjects/sgrestaurante/target/scala-2.11/twirl/main/views/html/Clientes/create.template.scala. This dependency is not being considered for invalidation.
None of the modified names appears in /home/fhocosta/IdeaProjects/sgrestaurante/target/scala-2.11/twirl/main/views/html/clientes.template.scala. This dependency is not being considered for invalidation.
Name hashing optimization doesn't apply to non-Scala dependency: /home/fhocosta/IdeaProjects/sgrestaurante/app/controllers/ClienteController.java
None of the modified names appears in /home/fhocosta/IdeaProjects/sgrestaurante/target/scala-2.11/twirl/main/views/html/Clientes/index.template.scala. This dependency is not being considered for invalidation.
Name hashing optimization doesn't apply to non-Scala dependency: /home/fhocosta/IdeaProjects/sgrestaurante/app/models/Usuario.java
Name hashing optimization doesn't apply to non-Scala dependency: /home/fhocosta/IdeaProjects/sgrestaurante/app/models/Sugestao.java
None of the modified names appears in /home/fhocosta/IdeaProjects/sgrestaurante/target/scala-2.11/twirl/main/views/html/clientes.template.scala. This dependency is not being considered for invalidation.
None of the modified names appears in /home/fhocosta/IdeaProjects/sgrestaurante/target/scala-2.11/twirl/main/views/html/Clientes/index.template.scala. This dependency is not being considered for invalidation.
Name hashing optimization doesn't apply to non-Scala dependency: /home/fhocosta/IdeaProjects/sgrestaurante/app/models/Funcionario.java
Name hashing optimization doesn't apply to non-Scala dependency: /home/fhocosta/IdeaProjects/sgrestaurante/app/models/Reserva.java
Invalidating /home/fhocosta/IdeaProjects/sgrestaurante/app/models/Cliente.java...
Invalidating (transitively) by inheritance from /home/fhocosta/IdeaProjects/sgrestaurante/app/models/Cliente.java...
Initial set of included nodes: Set(/home/fhocosta/IdeaProjects/sgrestaurante/app/models/Cliente.java)
Invalidated by transitive inheritance dependency: Set(/home/fhocosta/IdeaProjects/sgrestaurante/app/models/Cliente.java)
The /home/fhocosta/IdeaProjects/sgrestaurante/app/models/Cliente.java source file has the following regular definitions changed:
	Cliente.
All member reference dependencies will be considered within this context.
Name hashing optimization doesn't apply to non-Scala dependency: /home/fhocosta/IdeaProjects/sgrestaurante/app/models/Cliente.java
Name hashing optimization doesn't apply to non-Scala dependency: /home/fhocosta/IdeaProjects/sgrestaurante/app/models/Reserva.java
The following modified names cause invalidation of /home/fhocosta/IdeaProjects/sgrestaurante/target/scala-2.11/twirl/main/views/html/Clientes/create.template.scala: Set(Cliente)
The following modified names cause invalidation of /home/fhocosta/IdeaProjects/sgrestaurante/target/scala-2.11/twirl/main/views/html/clientes.template.scala: Set(Cliente)
Name hashing optimization doesn't apply to non-Scala dependency: /home/fhocosta/IdeaProjects/sgrestaurante/app/controllers/ClienteController.java
The following modified names cause invalidation of /home/fhocosta/IdeaProjects/sgrestaurante/target/scala-2.11/twirl/main/views/html/Clientes/index.template.scala: Set(Cliente)
Invalidating /home/fhocosta/IdeaProjects/sgrestaurante/app/models/Funcionario.java...
Invalidating (transitively) by inheritance from /home/fhocosta/IdeaProjects/sgrestaurante/app/models/Funcionario.java...
Initial set of included nodes: Set(/home/fhocosta/IdeaProjects/sgrestaurante/app/models/Funcionario.java)
Invalidated by transitive inheritance dependency: Set(/home/fhocosta/IdeaProjects/sgrestaurante/app/models/Funcionario.java)
The /home/fhocosta/IdeaProjects/sgrestaurante/app/models/Funcionario.java source file has the following regular definitions changed:
	addPropertyChangeListener, _ebean_setFieldIntercept, Funcionario, removePropertyChangeListener, _ebean_getPropertyName, _ebean_props, _ebean_getPropertyNames, _ebean_setEmbeddedLoaded, _ebean_getIntercept, _ebean_getField, _ebean_isEmbeddedNewOrDirty, _ebean_getMarker, _ebean_newInstance, _ebean_setField, _ebean_intercept, _ebean_getFieldIntercept.
All member reference dependencies will be considered within this context.
Name hashing optimization doesn't apply to non-Scala dependency: /home/fhocosta/IdeaProjects/sgrestaurante/app/models/Funcionario.java
Name hashing optimization doesn't apply to non-Scala dependency: /home/fhocosta/IdeaProjects/sgrestaurante/app/models/Reserva.java
New invalidations:
	Set(/home/fhocosta/IdeaProjects/sgrestaurante/app/models/Sugestao.java, /home/fhocosta/IdeaProjects/sgrestaurante/app/models/Reserva.java, /home/fhocosta/IdeaProjects/sgrestaurante/target/scala-2.11/twirl/main/views/html/Clientes/create.template.scala, /home/fhocosta/IdeaProjects/sgrestaurante/target/scala-2.11/twirl/main/views/html/clientes.template.scala, /home/fhocosta/IdeaProjects/sgrestaurante/app/controllers/ClienteController.java, /home/fhocosta/IdeaProjects/sgrestaurante/target/scala-2.11/twirl/main/views/html/Clientes/index.template.scala)
Initial set of included nodes: Set(/home/fhocosta/IdeaProjects/sgrestaurante/app/models/Sugestao.java, /home/fhocosta/IdeaProjects/sgrestaurante/app/models/Reserva.java, /home/fhocosta/IdeaProjects/sgrestaurante/target/scala-2.11/twirl/main/views/html/Clientes/create.template.scala, /home/fhocosta/IdeaProjects/sgrestaurante/target/scala-2.11/twirl/main/views/html/clientes.template.scala, /home/fhocosta/IdeaProjects/sgrestaurante/app/controllers/ClienteController.java, /home/fhocosta/IdeaProjects/sgrestaurante/target/scala-2.11/twirl/main/views/html/Clientes/index.template.scala)
Including /home/fhocosta/IdeaProjects/sgrestaurante/app/controllers/SugestaoController.java by /home/fhocosta/IdeaProjects/sgrestaurante/app/models/Sugestao.java
Including /home/fhocosta/IdeaProjects/sgrestaurante/target/scala-2.11/routes/main/router/Routes.scala by /home/fhocosta/IdeaProjects/sgrestaurante/app/controllers/SugestaoController.java
Including /home/fhocosta/IdeaProjects/sgrestaurante/app/controllers/ReservaController.java by /home/fhocosta/IdeaProjects/sgrestaurante/app/models/Reserva.java
Including /home/fhocosta/IdeaProjects/sgrestaurante/app/models/Mesa.java by /home/fhocosta/IdeaProjects/sgrestaurante/app/models/Reserva.java
Including /home/fhocosta/IdeaProjects/sgrestaurante/app/controllers/MesaController.java by /home/fhocosta/IdeaProjects/sgrestaurante/app/models/Mesa.java
Including /home/fhocosta/IdeaProjects/sgrestaurante/app/controllers/ClienteController.java by /home/fhocosta/IdeaProjects/sgrestaurante/target/scala-2.11/twirl/main/views/html/Clientes/create.template.scala
Previously invalidated, but (transitively) depend on new invalidations:
	Set()
All newly invalidated sources after taking into account (previously) recompiled sources:Set(/home/fhocosta/IdeaProjects/sgrestaurante/app/models/Sugestao.java, /home/fhocosta/IdeaProjects/sgrestaurante/app/models/Reserva.java, /home/fhocosta/IdeaProjects/sgrestaurante/target/scala-2.11/twirl/main/views/html/Clientes/create.template.scala, /home/fhocosta/IdeaProjects/sgrestaurante/target/scala-2.11/twirl/main/views/html/clientes.template.scala, /home/fhocosta/IdeaProjects/sgrestaurante/app/controllers/ClienteController.java, /home/fhocosta/IdeaProjects/sgrestaurante/target/scala-2.11/twirl/main/views/html/Clientes/index.template.scala)
Read from stdout: Compiling 3 Scala sources and 3 Java sources to /home/fhocosta/IdeaProjects/sgrestaurante/target/scala-2.11/classes...
Compiling 3 Scala sources and 3 Java sources to /home/fhocosta/IdeaProjects/sgrestaurante/target/scala-2.11/classes...
Getting compiler-interface from component compiler for Scala 2.11.7
Other repositories:
Default repositories:
Getting compiler-interface from component compiler for Scala 2.11.7
Other repositories:
Default repositories:
Running cached compiler 7b1fd541, interfacing (CompilerInterface) with Scala compiler version 2.11.7
Calling Scala compiler with arguments  (CompilerInterface):
	-deprecation
	-unchecked
	-encoding
	utf8
	-bootclasspath
	/usr/lib/jvm/java-8-oracle/jre/lib/resources.jar:/usr/lib/jvm/java-8-oracle/jre/lib/rt.jar:/usr/lib/jvm/java-8-oracle/jre/lib/sunrsasign.jar:/usr/lib/jvm/java-8-oracle/jre/lib/jsse.jar:/usr/lib/jvm/java-8-oracle/jre/lib/jce.jar:/usr/lib/jvm/java-8-oracle/jre/lib/charsets.jar:/usr/lib/jvm/java-8-oracle/jre/lib/jfr.jar:/usr/lib/jvm/java-8-oracle/jre/classes:/home/fhocosta/Documents/files/activator-dist-1.3.10/repository/org.scala-lang/scala-library/2.11.7/jars/scala-library.jar
	-classpath
	/home/fhocosta/IdeaProjects/sgrestaurante/target/scala-2.11/classes:/home/fhocosta/Documents/files/activator-dist-1.3.10/repository/com.typesafe.play/play-enhancer/1.1.0/jars/play-enhancer.jar:/home/fhocosta/Documents/files/activator-dist-1.3.10/repository/com.typesafe.play/twirl-api_2.11/1.1.1/jars/twirl-api_2.11.jar:/home/fhocosta/Documents/files/activator-dist-1.3.10/repository/org.apache.commons/commons-lang3/3.4/jars/commons-lang3.jar:/home/fhocosta/.ivy2/cache/org.scala-lang.modules/scala-xml_2.11/bundles/scala-xml_2.11-1.0.1.jar:/home/fhocosta/.ivy2/cache/com.typesafe.play/play-ebean_2.11/jars/play-ebean_2.11-3.0.0.jar:/home/fhocosta/.ivy2/cache/com.typesafe.play/play-java-jdbc_2.11/jars/play-java-jdbc_2.11-2.5.3.jar:/home/fhocosta/.ivy2/cache/com.typesafe.play/play-jdbc_2.11/jars/play-jdbc_2.11-2.5.3.jar:/home/fhocosta/.ivy2/cache/com.typesafe.play/play-jdbc-api_2.11/jars/play-jdbc-api_2.11-2.5.3.jar:/home/fhocosta/.ivy2/cache/com.typesafe.play/play_2.11/jars/play_2.11-2.5.3.jar:/home/fhocosta/.ivy2/cache/com.typesafe.play/build-link/jars/build-link-2.5.3.jar:/home/fhocosta/.ivy2/cache/com.typesafe.play/play-exceptions/jars/play-exceptions-2.5.3.jar:/home/fhocosta/.ivy2/cache/com.typesafe.play/play-iteratees_2.11/jars/play-iteratees_2.11-2.5.3.jar:/home/fhocosta/.ivy2/cache/org.scala-stm/scala-stm_2.11/jars/scala-stm_2.11-0.7.jar:/home/fhocosta/Documents/files/activator-dist-1.3.10/repository/com.typesafe/config/1.3.0/bundles/config.jar:/home/fhocosta/.ivy2/cache/com.typesafe.play/play-json_2.11/jars/play-json_2.11-2.5.3.jar:/home/fhocosta/.ivy2/cache/com.typesafe.play/play-functional_2.11/jars/play-functional_2.11-2.5.3.jar:/home/fhocosta/.ivy2/cache/com.typesafe.play/play-datacommons_2.11/jars/play-datacommons_2.11-2.5.3.jar:/home/fhocosta/Documents/files/activator-dist-1.3.10/repository/joda-time/joda-time/2.9.2/jars/joda-time.jar:/home/fhocosta/Documents/files/activator-dist-1.3.10/repository/org.joda/joda-convert/1.8.1/jars/joda-convert.jar:/home/fhocosta/Documents/files/activator-dist-1.3.10/repository/org.scala-lang/scala-reflect/2.11.7/jars/scala-reflect.jar:/home/fhocosta/Documents/files/activator-dist-1.3.10/repository/com.fasterxml.jackson.core/jackson-core/2.7.1/bundles/jackson-core.jar:/home/fhocosta/Documents/files/activator-dist-1.3.10/repository/com.fasterxml.jackson.core/jackson-annotations/2.7.1/bundles/jackson-annotations.jar:/home/fhocosta/Documents/files/activator-dist-1.3.10/repository/com.fasterxml.jackson.core/jackson-databind/2.7.1/bundles/jackson-databind.jar:/home/fhocosta/Documents/files/activator-dist-1.3.10/repository/com.fasterxml.jackson.datatype/jackson-datatype-jdk8/2.7.1/bundles/jackson-datatype-jdk8.jar:/home/fhocosta/Documents/files/activator-dist-1.3.10/repository/com.fasterxml.jackson.datatype/jackson-datatype-jsr310/2.7.1/bundles/jackson-datatype-jsr310.jar:/home/fhocosta/.ivy2/cache/com.typesafe.play/play-netty-utils/jars/play-netty-utils-2.5.3.jar:/home/fhocosta/Documents/files/activator-dist-1.3.10/repository/org.slf4j/jul-to-slf4j/1.7.16/jars/jul-to-slf4j.jar:/home/fhocosta/Documents/files/activator-dist-1.3.10/repository/org.slf4j/jcl-over-slf4j/1.7.16/jars/jcl-over-slf4j.jar:/home/fhocosta/.ivy2/cache/com.typesafe.play/play-streams_2.11/jars/play-streams_2.11-2.5.3.jar:/home/fhocosta/Documents/files/activator-dist-1.3.10/repository/org.reactivestreams/reactive-streams/1.0.0/jars/reactive-streams.jar:/home/fhocosta/.ivy2/cache/com.typesafe.akka/akka-stream_2.11/jars/akka-stream_2.11-2.4.4.jar:/home/fhocosta/.ivy2/cache/com.typesafe.akka/akka-actor_2.11/jars/akka-actor_2.11-2.4.4.jar:/home/fhocosta/Documents/files/activator-dist-1.3.10/repository/org.scala-lang.modules/scala-java8-compat_2.11/0.7.0/bundles/scala-java8-compat_2.11.jar:/home/fhocosta/.ivy2/cache/com.typesafe/ssl-config-akka_2.11/bundles/ssl-config-akka_2.11-0.2.1.jar:/home/fhocosta/.ivy2/cache/com.typesafe/ssl-config-core_2.11/bundles/ssl-config-core_2.11-0.2.1.jar:/home/fhocosta/.ivy2/cache/org.scala-lang.modules/scala-parser-combinators_2.11/bundles/scala-parser-combinators_2.11-1.0.4.jar:/home/fhocosta/.ivy2/cache/com.typesafe.akka/akka-slf4j_2.11/jars/akka-slf4j_2.11-2.4.4.jar:/home/fhocosta/Documents/files/activator-dist-1.3.10/repository/commons-codec/commons-codec/1.10/jars/commons-codec.jar:/home/fhocosta/.ivy2/cache/xerces/xercesImpl/jars/xercesImpl-2.11.0.jar:/home/fhocosta/.ivy2/cache/xml-apis/xml-apis/jars/xml-apis-1.4.01.jar:/home/fhocosta/.ivy2/cache/javax.transaction/jta/jars/jta-1.1.jar:/home/fhocosta/Documents/files/activator-dist-1.3.10/repository/com.google.inject/guice/4.0/jars/guice.jar:/home/fhocosta/Documents/files/activator-dist-1.3.10/repository/javax.inject/javax.inject/1/jars/javax.inject.jar:/home/fhocosta/Documents/files/activator-dist-1.3.10/repository/aopalliance/aopalliance/1.0/jars/aopalliance.jar:/home/fhocosta/Documents/files/activator-dist-1.3.10/repository/com.google.inject.extensions/guice-assistedinject/4.0/jars/guice-assistedinject.jar:/home/fhocosta/Documents/files/activator-dist-1.3.10/repository/com.jolbox/bonecp/0.8.0.RELEASE/bundles/bonecp.jar:/home/fhocosta/Documents/files/activator-dist-1.3.10/repository/com.zaxxer/HikariCP/2.4.3/bundles/HikariCP.jar:/home/fhocosta/Documents/files/activator-dist-1.3.10/repository/com.googlecode.usc/jdbcdslog/1.0.6.2/jars/jdbcdslog.jar:/home/fhocosta/Documents/files/activator-dist-1.3.10/repository/com.h2database/h2/1.4.191/jars/h2.jar:/home/fhocosta/Documents/files/activator-dist-1.3.10/repository/tyrex/tyrex/1.0.1/jars/tyrex.jar:/home/fhocosta/.ivy2/cache/com.typesafe.play/play-java_2.11/jars/play-java_2.11-2.5.3.jar:/home/fhocosta/Documents/files/activator-dist-1.3.10/repository/org.yaml/snakeyaml/1.16/bundles/snakeyaml.jar:/home/fhocosta/Documents/files/activator-dist-1.3.10/repository/org.hibernate/hibernate-validator/5.2.4.Final/jars/hibernate-validator.jar:/home/fhocosta/Documents/files/activator-dist-1.3.10/repository/javax.validation/validation-api/1.1.0.Final/jars/validation-api.jar:/home/fhocosta/Documents/files/activator-dist-1.3.10/repository/org.jboss.logging/jboss-logging/3.2.1.Final/jars/jboss-logging.jar:/home/fhocosta/Documents/files/activator-dist-1.3.10/repository/com.fasterxml/classmate/1.1.0/bundles/classmate.jar:/home/fhocosta/Documents/files/activator-dist-1.3.10/repository/javax.el/javax.el-api/3.0.0/jars/javax.el-api.jar:/home/fhocosta/Documents/files/activator-dist-1.3.10/repository/org.springframework/spring-context/4.2.4.RELEASE/jars/spring-context.jar:/home/fhocosta/Documents/files/activator-dist-1.3.10/repository/org.springframework/spring-core/4.2.4.RELEASE/jars/spring-core.jar:/home/fhocosta/Documents/files/activator-dist-1.3.10/repository/org.springframework/spring-beans/4.2.4.RELEASE/jars/spring-beans.jar:/home/fhocosta/Documents/files/activator-dist-1.3.10/repository/org.reflections/reflections/0.9.10/jars/reflections.jar:/home/fhocosta/Documents/files/activator-dist-1.3.10/repository/com.google.guava/guava/19.0/bundles/guava.jar:/home/fhocosta/Documents/files/activator-dist-1.3.10/repository/net.jodah/typetools/0.4.4/bundles/typetools.jar:/home/fhocosta/Documents/files/activator-dist-1.3.10/repository/com.google.code.findbugs/jsr305/3.0.1/jars/jsr305.jar:/home/fhocosta/Documents/files/activator-dist-1.3.10/repository/org.apache.tomcat/tomcat-servlet-api/8.0.32/jars/tomcat-servlet-api.jar:/home/fhocosta/.ivy2/cache/com.typesafe.play/play-jdbc-evolutions_2.11/jars/play-jdbc-evolutions_2.11-2.5.0.jar:/home/fhocosta/.ivy2/cache/org.avaje.ebeanorm/avaje-ebeanorm/jars/avaje-ebeanorm-6.18.1.jar:/home/fhocosta/.ivy2/cache/org.jetbrains/annotations/jars/annotations-13.0.jar:/home/fhocosta/.ivy2/cache/javax.persistence/persistence-api/jars/persistence-api-1.0.jar:/home/fhocosta/.ivy2/cache/org.avaje.ebeanorm/avaje-ebeanorm-agent/jars/avaje-ebeanorm-agent-4.9.1.jar:/home/fhocosta/.ivy2/cache/com.typesafe.play/play-server_2.11/jars/play-server_2.11-2.5.3.jar:/home/fhocosta/.ivy2/cache/com.typesafe.play/play-netty-server_2.11/jars/play-netty-server_2.11-2.5.3.jar:/home/fhocosta/Documents/files/activator-dist-1.3.10/repository/com.typesafe.netty/netty-reactive-streams-http/1.0.5/jars/netty-reactive-streams-http.jar:/home/fhocosta/Documents/files/activator-dist-1.3.10/repository/com.typesafe.netty/netty-reactive-streams/1.0.5/jars/netty-reactive-streams.jar:/home/fhocosta/Documents/files/activator-dist-1.3.10/repository/io.netty/netty-transport-native-epoll/4.0.36.Final/jars/netty-transport-native-epoll-linux-x86_64.jar:/home/fhocosta/Documents/files/activator-dist-1.3.10/repository/io.netty/netty-common/4.0.36.Final/jars/netty-common.jar:/home/fhocosta/Documents/files/activator-dist-1.3.10/repository/io.netty/netty-buffer/4.0.36.Final/jars/netty-buffer.jar:/home/fhocosta/Documents/files/activator-dist-1.3.10/repository/io.netty/netty-transport/4.0.36.Final/jars/netty-transport.jar:/home/fhocosta/.ivy2/cache/com.typesafe.play/play-logback_2.11/jars/play-logback_2.11-2.5.3.jar:/home/fhocosta/Documents/files/activator-dist-1.3.10/repository/ch.qos.logback/logback-core/1.1.4/jars/logback-core.jar:/home/fhocosta/Documents/files/activator-dist-1.3.10/repository/ch.qos.logback/logback-classic/1.1.4/jars/logback-classic.jar:/home/fhocosta/.ivy2/cache/mysql/mysql-connector-java/jars/mysql-connector-java-5.1.36.jar:/home/fhocosta/.ivy2/cache/com.typesafe.play/play-cache_2.11/jars/play-cache_2.11-2.5.3.jar:/home/fhocosta/Documents/files/activator-dist-1.3.10/repository/net.sf.ehcache/ehcache-core/2.6.11/jars/ehcache-core.jar:/home/fhocosta/.ivy2/cache/com.typesafe.play/play-java-ws_2.11/jars/play-java-ws_2.11-2.5.3.jar:/home/fhocosta/.ivy2/cache/com.typesafe.play/play-ws_2.11/jars/play-ws_2.11-2.5.3.jar:/home/fhocosta/.ivy2/cache/org.asynchttpclient/async-http-client/jars/async-http-client-2.0.2.jar:/home/fhocosta/Documents/files/activator-dist-1.3.10/repository/io.netty/netty-codec-http/4.0.36.Final/jars/netty-codec-http.jar:/home/fhocosta/Documents/files/activator-dist-1.3.10/repository/io.netty/netty-codec/4.0.36.Final/jars/netty-codec.jar:/home/fhocosta/Documents/files/activator-dist-1.3.10/repository/io.netty/netty-handler/4.0.36.Final/jars/netty-handler.jar:/home/fhocosta/.ivy2/cache/org.asynchttpclient/netty-resolver-dns/jars/netty-resolver-dns-2.0.2.jar:/home/fhocosta/.ivy2/cache/org.asynchttpclient/netty-resolver/jars/netty-resolver-2.0.2.jar:/home/fhocosta/Documents/files/activator-dist-1.3.10/repository/org.slf4j/slf4j-api/1.7.21/jars/slf4j-api.jar:/home/fhocosta/.ivy2/cache/org.asynchttpclient/netty-codec-dns/jars/netty-codec-dns-2.0.2.jar:/home/fhocosta/Documents/files/activator-dist-1.3.10/repository/org.javassist/javassist/3.20.0-GA/bundles/javassist.jar:/home/fhocosta/.ivy2/cache/oauth.signpost/signpost-core/jars/signpost-core-1.2.1.2.jar:/home/fhocosta/.ivy2/cache/oauth.signpost/signpost-commonshttp4/jars/signpost-commonshttp4-1.2.1.2.jar:/home/fhocosta/Documents/files/activator-dist-1.3.10/repository/org.apache.httpcomponents/httpcore/4.0.1/jars/httpcore.jar:/home/fhocosta/Documents/files/activator-dist-1.3.10/repository/org.apache.httpcomponents/httpclient/4.0.1/jars/httpclient.jar:/home/fhocosta/.ivy2/cache/commons-logging/commons-logging/jars/commons-logging-1.1.1.jar
Scala compilation took 3.242822428 s
Attempting to call com.sun.tools.javac.api.JavacTool@6dc9e1cb directly...
Java compilation took 0.179535351 s
Java analysis took 0.183360698 s
Java compile + analysis took 0.375545664 s
New invalidations:
	Set()
Initial set of included nodes: Set()
Previously invalidated, but (transitively) depend on new invalidations:
	Set()
All newly invalidated sources after taking into account (previously) recompiled sources:Set()
Total time: 7 s, completed Jun 7, 2016 4:59:19 PM
> server-post-command-cleanup
> server-handle-next-server-request
> {file:/home/fhocosta/IdeaProjects/sgrestaurante/}root/compile:mainClass
Evaluating tasks: compile:mainClass
Running task... Cancel: sbt.server.ServerTaskCancellation@6bc3943e, check cycles: false
Total time: 0 s, completed Jun 7, 2016 4:59:19 PM
> server-post-command-cleanup
> server-handle-next-server-request
> {file:/home/fhocosta/IdeaProjects/sgrestaurante/}root/compile:discoveredMainClasses
Evaluating tasks: compile:discoveredMainClasses
Running task... Cancel: sbt.server.ServerTaskCancellation@65c376bc, check cycles: false

Initial source changes: 
	removed:Set()
	added: Set()
	modified: Set()
Removed products: Set()
External API changes: API Changes: Set()
Modified binary dependencies: Set()
Initial directly invalidated sources: Set()

Sources indirectly invalidated by:
	product: Set()
	binary dep: Set()
	external source: Set()
All initially invalidated sources: Set()

Total time: 2 s, completed Jun 7, 2016 4:59:20 PM
> server-post-command-cleanup
> server-handle-next-server-request
> {file:/home/fhocosta/IdeaProjects/sgrestaurante/}root/compile:discoveredMainClasses
Evaluating tasks: compile:discoveredMainClasses
Running task... Cancel: sbt.server.ServerTaskCancellation@480595f7, check cycles: false

Initial source changes: 
	removed:Set()
	added: Set()
	modified: Set()
Removed products: Set()
External API changes: API Changes: Set()
Modified binary dependencies: Set()
Initial directly invalidated sources: Set()

Sources indirectly invalidated by:
	product: Set()
	binary dep: Set()
	external source: Set()
All initially invalidated sources: Set()

Total time: 1 s, completed Jun 7, 2016 5:00:32 PM
> server-post-command-cleanup
> server-handle-next-server-request
> {file:/home/fhocosta/IdeaProjects/sgrestaurante/}root/compile:mainClass
Evaluating tasks: compile:mainClass
Running task... Cancel: sbt.server.ServerTaskCancellation@161c733c, check cycles: false
Total time: 0 s, completed Jun 7, 2016 5:00:32 PM
> server-post-command-cleanup
> server-handle-next-server-request
Done executing sbt server engine, result Right(Exit(0))
Closing listening server socket
Waiting for socket thread
Waiting for request processor thread
Waiting for command engine result
Returning control to sbt launcher with result Exit(0)
Closing the 26122@fhocosta-pc logs at Tue Jun 07 17:00:34 AMT 2016, goodbye.
